2025-05-05 20:57:53,683 - audio_utils - INFO - Recording audio for 3.0 seconds...
2025-05-05 20:57:57,230 - audio_utils - INFO - Recording completed
2025-05-05 20:57:57,512 - audio_utils - DEBUG - Processing audio: length=48000, sample_rate=16000
2025-05-05 20:57:57,512 - audio_utils - DEBUG - Using n_fft=2048, hop_length=512
2025-05-05 20:57:57,513 - audio_utils - DEBUG - Using n_mels=32
2025-05-05 20:57:57,535 - audio_utils - DEBUG - Truncating features from 104 to 72
2025-05-05 20:58:19,942 - audio_utils - INFO - Recording audio for 3.0 seconds...
2025-05-05 20:58:23,483 - audio_utils - INFO - Recording completed
2025-05-05 20:58:23,780 - audio_utils - DEBUG - Processing audio: length=48000, sample_rate=16000
2025-05-05 20:58:23,780 - audio_utils - DEBUG - Using n_fft=2048, hop_length=512
2025-05-05 20:58:23,781 - audio_utils - DEBUG - Using n_mels=32
2025-05-05 20:58:23,809 - audio_utils - DEBUG - Truncating features from 104 to 72
2025-05-05 20:58:50,310 - audio_utils - INFO - Recording audio for 3.0 seconds...
2025-05-05 20:58:53,855 - audio_utils - INFO - Recording completed
2025-05-05 20:58:54,210 - audio_utils - DEBUG - Processing audio: length=48000, sample_rate=16000
2025-05-05 20:58:54,211 - audio_utils - DEBUG - Using n_fft=2048, hop_length=512
2025-05-05 20:58:54,211 - audio_utils - DEBUG - Using n_mels=32
2025-05-05 20:58:54,237 - audio_utils - DEBUG - Truncating features from 104 to 72
2025-05-05 20:59:11,267 - audio_utils - INFO - Recording audio for 3.0 seconds...
2025-05-05 20:59:14,790 - audio_utils - INFO - Recording completed
2025-05-05 20:59:15,072 - audio_utils - DEBUG - Processing audio: length=48000, sample_rate=16000
2025-05-05 20:59:15,073 - audio_utils - DEBUG - Using n_fft=2048, hop_length=512
2025-05-05 20:59:15,073 - audio_utils - DEBUG - Using n_mels=32
2025-05-05 20:59:15,095 - audio_utils - DEBUG - Truncating features from 104 to 72
2025-05-05 20:59:33,007 - audio_utils - INFO - Recording audio for 3.0 seconds...
2025-05-05 20:59:36,544 - audio_utils - INFO - Recording completed
2025-05-05 20:59:36,896 - audio_utils - DEBUG - Processing audio: length=48000, sample_rate=16000
2025-05-05 20:59:36,897 - audio_utils - DEBUG - Using n_fft=2048, hop_length=512
2025-05-05 20:59:36,898 - audio_utils - DEBUG - Using n_mels=32
2025-05-05 20:59:36,922 - audio_utils - DEBUG - Truncating features from 104 to 72
